<?xml version="1.0" encoding="UTF-8"?>
<testsuites>
  <testsuite name="" tests="2" assertions="8" errors="0" warnings="0" failures="0" skipped="0" time="4.036408">
    <testsuite name="algorithms" tests="2" assertions="8" errors="0" warnings="0" failures="0" skipped="0" time="4.036408">
      <testsuite name="Algorithm\Tests\TwoSumTest" file="/Users/Development/Docker/algorithms/tests/unit/TwoSumTest.php" tests="2" assertions="8" errors="0" warnings="0" failures="0" skipped="0" time="4.036408">
        <testcase name="testBruteForce" class="Algorithm\Tests\TwoSumTest" classname="Algorithm.Tests.TwoSumTest" file="/Users/Development/Docker/algorithms/tests/unit/TwoSumTest.php" line="39" assertions="4" time="3.551266"/>
        <testcase name="testArrayComplement" class="Algorithm\Tests\TwoSumTest" classname="Algorithm.Tests.TwoSumTest" file="/Users/Development/Docker/algorithms/tests/unit/TwoSumTest.php" line="56" assertions="4" time="0.485142"/>
      </testsuite>
    </testsuite>
  </testsuite>
</testsuites>
